<?xml version="1.0" encoding="UTF-8"?>
<!-- Generated by org.testng.reporters.JUnitXMLReporter -->
<testsuite hostname="MENDES" ignored="0" name="Test Youtube" tests="1" failures="1" timestamp="20 Jan 2018 15:59:40 GMT" time="19.192" errors="0">
  <testcase name="testingSearch" time="3.868" classname="googlesheetspage.TestGoogleSheetsPage">
    <failure type="java.lang.NoSuchMethodError" message="googlesheetspage.GoogleSheets.takeEnterKeysbyID(Ljava/lang/String;Ljava/lang/String;)V">
      <![CDATA[java.lang.NoSuchMethodError: googlesheetspage.GoogleSheets.takeEnterKeysbyID(Ljava/lang/String;Ljava/lang/String;)Vat googlesheetspage.GoogleSheets.searchItemByName(GoogleSheets.java:34)at googlesheetspage.TestGoogleSheetsPage.testingSearch(TestGoogleSheetsPage.java:17)... Removed 29 stack frames]]>
    </failure>
  </testcase> <!-- testingSearch -->
</testsuite> <!-- Test Youtube -->
