<?xml version="1.0" encoding="UTF-8"?>
<testng-results skipped="0" failed="1" ignored="0" total="1" passed="0">
  <reporter-output>
    <line>
      <![CDATA[Extent Report DirectoryC:\Users\alistair\IdeaProjects\OrgProjectTeam1\Youtube\target\surefire-reports\html]]>
    </line>
    <line>
      <![CDATA[TestGoogleSheetsPage: testing Search]]>
    </line>
  </reporter-output>
  <suite name="Youtube" duration-ms="19192" started-at="2018-01-20T15:59:21Z" finished-at="2018-01-20T15:59:40Z">
    <groups>
    </groups>
    <test name="Test Youtube" duration-ms="19192" started-at="2018-01-20T15:59:21Z" finished-at="2018-01-20T15:59:40Z">
      <class name="googlesheetspage.TestGoogleSheetsPage">
        <test-method status="PASS" signature="extentSetup(org.testng.ITestContext)[pri:0, instance:googlesheetspage.TestGoogleSheetsPage@57cd70]" name="extentSetup" is-config="true" duration-ms="751" started-at="2018-01-20T10:59:20Z" finished-at="2018-01-20T10:59:21Z">
          <params>
            <param index="0">
              <value>
                <![CDATA[org.testng.TestRunner@1511076]]>
              </value>
            </param>
          </params>
          <reporter-output>
            <line>
              <![CDATA[Extent Report DirectoryC:\Users\alistair\IdeaProjects\OrgProjectTeam1\Youtube\target\surefire-reports\html]]>
            </line>
          </reporter-output>
        </test-method> <!-- extentSetup -->
        <test-method status="PASS" signature="setUp(boolean, java.lang.String, java.lang.String, java.lang.String, java.lang.String, java.lang.String, java.lang.String)[pri:0, instance:googlesheetspage.TestGoogleSheetsPage@57cd70]" name="setUp" is-config="true" duration-ms="10455" started-at="2018-01-20T10:59:21Z" finished-at="2018-01-20T10:59:31Z">
          <params>
            <param index="0">
              <value>
                <![CDATA[false]]>
              </value>
            </param>
            <param index="1">
              <value>
                <![CDATA[browserstack]]>
              </value>
            </param>
            <param index="2">
              <value>
                <![CDATA[windows]]>
              </value>
            </param>
            <param index="3">
              <value>
                <![CDATA[10]]>
              </value>
            </param>
            <param index="4">
              <value>
                <![CDATA[chrome]]>
              </value>
            </param>
            <param index="5">
              <value>
                <![CDATA[63.0]]>
              </value>
            </param>
            <param index="6">
              <value>
                <![CDATA[https://www.youtube.com/]]>
              </value>
            </param>
          </params>
          <reporter-output>
          </reporter-output>
        </test-method> <!-- setUp -->
        <test-method status="PASS" signature="startExtent(java.lang.reflect.Method)[pri:0, instance:googlesheetspage.TestGoogleSheetsPage@57cd70]" name="startExtent" is-config="true" duration-ms="21" started-at="2018-01-20T10:59:31Z" finished-at="2018-01-20T10:59:31Z">
          <params>
            <param index="0">
              <value>
                <![CDATA[public void googlesheetspage.TestGoogleSheetsPage.testingSearch() throws java.io.IOException,java.lang.InterruptedException]]>
              </value>
            </param>
          </params>
          <reporter-output>
          </reporter-output>
        </test-method> <!-- startExtent -->
        <test-method status="FAIL" signature="testingSearch()[pri:0, instance:googlesheetspage.TestGoogleSheetsPage@57cd70]" name="testingSearch" duration-ms="3868" started-at="2018-01-20T10:59:31Z" finished-at="2018-01-20T10:59:35Z">
          <exception class="java.lang.NoSuchMethodError">
            <message>
              <![CDATA[googlesheetspage.GoogleSheets.takeEnterKeysbyID(Ljava/lang/String;Ljava/lang/String;)V]]>
            </message>
            <full-stacktrace>
              <![CDATA[java.lang.NoSuchMethodError: googlesheetspage.GoogleSheets.takeEnterKeysbyID(Ljava/lang/String;Ljava/lang/String;)Vat googlesheetspage.GoogleSheets.searchItemByName(GoogleSheets.java:34)at googlesheetspage.TestGoogleSheetsPage.testingSearch(TestGoogleSheetsPage.java:17)at sun.reflect.NativeMethodAccessorImpl.invoke0(Native Method)at sun.reflect.NativeMethodAccessorImpl.invoke(NativeMethodAccessorImpl.java:62)at sun.reflect.DelegatingMethodAccessorImpl.invoke(DelegatingMethodAccessorImpl.java:43)at java.lang.reflect.Method.invoke(Method.java:497)at org.testng.internal.MethodInvocationHelper.invokeMethod(MethodInvocationHelper.java:124)at org.testng.internal.Invoker.invokeMethod(Invoker.java:571)at org.testng.internal.Invoker.invokeTestMethod(Invoker.java:707)at org.testng.internal.Invoker.invokeTestMethods(Invoker.java:979)at org.testng.internal.TestMethodWorker.invokeTestMethods(TestMethodWorker.java:125)at org.testng.internal.TestMethodWorker.run(TestMethodWorker.java:109)at org.testng.TestRunner.privateRun(TestRunner.java:648)at org.testng.TestRunner.run(TestRunner.java:505)at org.testng.SuiteRunner.runTest(SuiteRunner.java:455)at org.testng.SuiteRunner.runSequentially(SuiteRunner.java:450)at org.testng.SuiteRunner.privateRun(SuiteRunner.java:415)at org.testng.SuiteRunner.run(SuiteRunner.java:364)at org.testng.SuiteRunnerWorker.runSuite(SuiteRunnerWorker.java:52)at org.testng.SuiteRunnerWorker.run(SuiteRunnerWorker.java:84)at org.testng.TestNG.runSuitesSequentially(TestNG.java:1187)at org.testng.TestNG.runSuitesLocally(TestNG.java:1116)at org.testng.TestNG.runSuites(TestNG.java:1028)at org.testng.TestNG.run(TestNG.java:996)at org.apache.maven.surefire.testng.TestNGExecutor.run(TestNGExecutor.java:283)at org.apache.maven.surefire.testng.TestNGXmlTestSuite.execute(TestNGXmlTestSuite.java:75)at org.apache.maven.surefire.testng.TestNGProvider.invoke(TestNGProvider.java:120)at org.apache.maven.surefire.booter.ForkedBooter.invokeProviderInSameClassLoader(ForkedBooter.java:373)at org.apache.maven.surefire.booter.ForkedBooter.runSuitesInProcess(ForkedBooter.java:334)at org.apache.maven.surefire.booter.ForkedBooter.execute(ForkedBooter.java:119)at org.apache.maven.surefire.booter.ForkedBooter.main(ForkedBooter.java:407)]]>
            </full-stacktrace>
          </exception> <!-- java.lang.NoSuchMethodError -->
          <reporter-output>
            <line>
              <![CDATA[TestGoogleSheetsPage: testing Search]]>
            </line>
          </reporter-output>
        </test-method> <!-- testingSearch -->
        <test-method status="PASS" signature="tearDown(org.testng.ITestResult)[pri:0, instance:googlesheetspage.TestGoogleSheetsPage@57cd70]" name="tearDown" is-config="true" duration-ms="4774" started-at="2018-01-20T10:59:35Z" finished-at="2018-01-20T10:59:40Z">
          <params>
            <param index="0">
              <value>
                <![CDATA[[TestResult name=testingSearch status=FAILURE method=TestGoogleSheetsPage.testingSearch()[pri:0, instance:googlesheetspage.TestGoogleSheetsPage@57cd70] output=TestGoogleSheetsPage: testing Search]]]>
              </value>
            </param>
          </params>
          <reporter-output>
          </reporter-output>
        </test-method> <!-- tearDown -->
        <test-method status="PASS" signature="generateReport()[pri:0, instance:googlesheetspage.TestGoogleSheetsPage@57cd70]" name="generateReport" is-config="true" duration-ms="84" started-at="2018-01-20T10:59:40Z" finished-at="2018-01-20T10:59:40Z">
          <reporter-output>
          </reporter-output>
        </test-method> <!-- generateReport -->
      </class> <!-- googlesheetspage.TestGoogleSheetsPage -->
    </test> <!-- Test Youtube -->
  </suite> <!-- Youtube -->
</testng-results>
