-------------------------------------------------------------------------------
Test set: TestSuite
-------------------------------------------------------------------------------
Tests run: 1, Failures: 1, Errors: 0, Skipped: 0, Time elapsed: 23.037 s <<< FAILURE! - in TestSuite
testingSearch(googlesheetspage.TestGoogleSheetsPage)  Time elapsed: 3.895 s  <<< FAILURE!
java.lang.NoSuchMethodError: googlesheetspage.GoogleSheets.takeEnterKeysbyID(Ljava/lang/String;Ljava/lang/String;)V
	at googlesheetspage.TestGoogleSheetsPage.testingSearch(TestGoogleSheetsPage.java:17)

